<?xml version="1.0" encoding="UTF-8"?>
<!-- Generated by org.testng.reporters.JUnitXMLReporter -->
<testsuite hostname="3018.local" ignored="0" name="Test" tests="1" failures="1" timestamp="04 Jul 2018 16:26:26 GMT" time="0.661" errors="0">
  <testcase name="loginTest" time="0.637" classname="com.collectorpro.test.TC01_Login">
    <failure type="java.lang.NullPointerException">
      <![CDATA[java.lang.NullPointerException
at com.collectorpro.test.TC01_Login.loginTest(TC01_Login.java:34)
... Removed 25 stack frames]]>
    </failure>
  </testcase> <!-- loginTest -->
</testsuite> <!-- Test -->
